unityLibrary/build/intermediates/manifest_merge_blame_file/debug/manifest-merger-blame-debug-report.txt
1<?xml version="1.0" encoding="utf-8"?>
2<!-- GENERATED BY UNITY. REMOVE THIS COMMENT TO PREVENT OVERWRITING WHEN EXPORTING AGAIN -->
3<manifest xmlns:android="http://schemas.android.com/apk/res/android"
4    xmlns:tools="http://schemas.android.com/tools"
5    package="com.unity3d.player"
6    android:versionCode="1"
7    android:versionName="0.1" >
8
9    <uses-sdk
10        android:minSdkVersion="19"
10-->src\main\AndroidManifest.xml
11        android:targetSdkVersion="29" />
11-->src\main\AndroidManifest.xml
12
13    <uses-permission android:name="android.permission.INTERNET" />
13-->src\main\AndroidManifest.xml:4:3-65
13-->src\main\AndroidManifest.xml:4:20-62
14
15    <uses-feature android:glEsVersion="0x00030000" />
15-->src\main\AndroidManifest.xml:21:3-52
15-->src\main\AndroidManifest.xml:21:17-49
16    <uses-feature
16-->src\main\AndroidManifest.xml:22:3-91
17        android:name="android.hardware.vulkan.version"
17-->src\main\AndroidManifest.xml:22:17-63
18        android:required="false" />
18-->src\main\AndroidManifest.xml:22:64-88
19    <uses-feature
19-->src\main\AndroidManifest.xml:23:3-88
20        android:name="android.hardware.touchscreen"
20-->src\main\AndroidManifest.xml:23:17-60
21        android:required="false" />
21-->src\main\AndroidManifest.xml:23:61-85
22    <uses-feature
22-->src\main\AndroidManifest.xml:24:3-99
23        android:name="android.hardware.touchscreen.multitouch"
23-->src\main\AndroidManifest.xml:24:17-71
24        android:required="false" />
24-->src\main\AndroidManifest.xml:24:72-96
25    <uses-feature
25-->src\main\AndroidManifest.xml:25:3-108
26        android:name="android.hardware.touchscreen.multitouch.distinct"
26-->src\main\AndroidManifest.xml:25:17-80
27        android:required="false" />
27-->src\main\AndroidManifest.xml:25:81-105
28
29    <application>
29-->src\main\AndroidManifest.xml:5:3-20:17
30        <activity
30-->src\main\AndroidManifest.xml:6:5-13:16
31            android:name="com.unity3d.player.UnityPlayerActivity"
31-->src\main\AndroidManifest.xml:6:15-68
32            android:configChanges="mcc|mnc|locale|touchscreen|keyboard|keyboardHidden|navigation|orientation|screenLayout|uiMode|screenSize|smallestScreenSize|fontScale|layoutDirection|density"
32-->src\main\AndroidManifest.xml:6:182-363
33            android:hardwareAccelerated="false"
33-->src\main\AndroidManifest.xml:6:399-434
34            android:launchMode="singleTask"
34-->src\main\AndroidManifest.xml:6:150-181
35            android:resizeableActivity="false"
35-->src\main\AndroidManifest.xml:6:364-398
36            android:screenOrientation="fullSensor"
36-->src\main\AndroidManifest.xml:6:111-149
37            android:theme="@style/UnityThemeSelector" >
37-->src\main\AndroidManifest.xml:6:69-110
38            <intent-filter>
38-->src\main\AndroidManifest.xml:7:7-10:23
39                <action android:name="android.intent.action.MAIN" />
39-->src\main\AndroidManifest.xml:8:9-61
39-->src\main\AndroidManifest.xml:8:17-58
40
41                <category android:name="android.intent.category.LAUNCHER" />
41-->src\main\AndroidManifest.xml:9:9-69
41-->src\main\AndroidManifest.xml:9:19-66
42            </intent-filter>
43
44            <meta-data
44-->src\main\AndroidManifest.xml:11:7-82
45                android:name="unityplayer.UnityActivity"
45-->src\main\AndroidManifest.xml:11:18-58
46                android:value="true" />
46-->src\main\AndroidManifest.xml:11:59-79
47            <meta-data
47-->src\main\AndroidManifest.xml:12:7-78
48                android:name="android.notch_support"
48-->src\main\AndroidManifest.xml:12:18-54
49                android:value="true" />
49-->src\main\AndroidManifest.xml:12:55-75
50        </activity>
51
52        <meta-data
52-->src\main\AndroidManifest.xml:14:5-69
53            android:name="unity.splash-mode"
53-->src\main\AndroidManifest.xml:14:16-48
54            android:value="0" />
54-->src\main\AndroidManifest.xml:14:49-66
55        <meta-data
55-->src\main\AndroidManifest.xml:15:5-74
56            android:name="unity.splash-enable"
56-->src\main\AndroidManifest.xml:15:16-50
57            android:value="True" />
57-->src\main\AndroidManifest.xml:15:51-71
58        <meta-data
58-->src\main\AndroidManifest.xml:16:5-84
59            android:name="unity.allow-resizable-window"
59-->src\main\AndroidManifest.xml:16:16-59
60            android:value="False" />
60-->src\main\AndroidManifest.xml:16:60-81
61        <meta-data
61-->src\main\AndroidManifest.xml:17:5-81
62            android:name="notch.config"
62-->src\main\AndroidManifest.xml:17:16-43
63            android:value="portrait|landscape" />
63-->src\main\AndroidManifest.xml:17:44-78
64        <meta-data
64-->src\main\AndroidManifest.xml:18:5-101
65            android:name="unity.build-id"
65-->src\main\AndroidManifest.xml:18:16-45
66            android:value="3c8b4946-52d9-43ad-ae20-5532a3bf30bf" />
66-->src\main\AndroidManifest.xml:18:46-98
67    </application>
68
69</manifest>